 THIS SOFTWARE AND ANY ACCOMPANYING DOCUMENTATION
 IS RELEASED "AS IS".  THE U.S. GOVERNMENT MAKES NO
 WARRANTY OF ANY KIND, EXPRESS OR IMPLIED, CONCERNING
 THIS SOFTWARE AND ANY ACCOMPANYING DOCUMENTATION,
 INCLUDING, WITHOUT LIMITATION, ANY WARRANTIES OF
 MERCHANTABILITY OR FITNESS FOR A PARTICULAR PURPOSE.
 IN NO EVENT WILL THE U.S. GOVERNMENT BE LIABLE FOR ANY
 DAMAGES, INCLUDING LOST PROFITS, LOST SAVINGS OR OTHER
 INCIDENTAL OR CONSEQUENTIAL DAMAGES ARISING OUT OF THE 
 USE, OR INABILITY TO USE, THIS SOFTWARE OR ANY
 ACCOMPANYING DOCUMENTATION, EVEN IF INFORMED IN ADVANCE
 OF THE POSSIBILITY OF SUCH DAMAGES.








                                        ****************************************************
                                        *    USAF STABILITY AND CONTROL  DIGITAL DATCOM    *
                                        *    PROGRAM REV. JAN 96   DIRECT INQUIRIES TO:    *
                                        *   WRIGHT LABORATORY  (WL/FIGC)  ATTN: W. BLAKE   *
                                        *         WRIGHT PATTERSON AFB, OHIO  45433        *
                                        *    PHONE (513) 255-6764,   FAX (513) 258-4054    *
                                        ****************************************************
1                         CONERR - INPUT ERROR CHECKING
0 ERROR CODES - N* DENOTES THE NUMBER OF OCCURENCES OF EACH ERROR
0 A - UNKNOWN VARIABLE NAME
0 B - MISSING EQUAL SIGN FOLLOWING VARIABLE NAME
0 C - NON-ARRAY VARIABLE HAS AN ARRAY ELEMENT DESIGNATION - (N)
0 D - NON-ARRAY VARIABLE HAS MULTIPLE VALUES ASSIGNED
0 E - ASSIGNED VALUES EXCEED ARRAY DIMENSION
0 F - SYNTAX ERROR

0******************************  INPUT DATA CARDS  ******************************

 DIM FT                                                                          
 DERIV DEG                                                                       
 DAMP                                                                            
  $FLTCON WT=2.866, LOOP=1.0,                                                    
  NMACH=1.0, MACH(1)=0.05,                                                       
  NALT=1.0, ALT(1)= 100.0,                                                       
  NALPHA=20.0,                                                                   
  ALSCHD(1)= -14.0, -12.0, -10.0, -8.0, -6.0, -5.0, -4.0, -2.0,                  
  -1.0, 0.0, 1.0, 2.0, 4.0, 5.0, 8.0, 10.0, 12.0, 14.0, 16.0, 18.0,              
  TR=1.0$                                                                        
  $OPTINS SREF=3.561, CBARR=0.613, BLREF=5.91, ROUGFC=0.50E-3$                   
  $SYNTHS XCG=1.2602, ZCG=0.127,                                                 
  XW=1.0564,  ZW=0.18,  ALIW=0.0,                                                
  XH=3.61,  ZH=0.16,   ALIH=0.0,                                                 
  XV=3.233,  ZV=0.155,                                                           
  SCALE=1.0, VERTUP=.TRUE.$                                                      
  $BODY NX=6.0,                                                                  
  X(1)=0.0,0.46,1.34,1.84,2.3,3.67,                                              
  R(1)=0.0,0.156,0.156,0.156,0.0,0.0,                                            
  S(1)=0.0,0.11,0.11,0.05,0.0,0.0,                                               
  P(1)=0.0,1.36,1.36,0.16,0.0,0.0,                                               
  ITYPE=1.0, METHOD=1.0$                                                         
  $WGPLNF CHRDR=0.6883, CHRDTP=0.4258,                                           
  SSPN=2.95,  SSPNE=2.6575,                                                      
  CHRDBP=0.6883, SSPNOP=1.9357,                                                  
  SAVSI=0.0, SAVSO=7.67,                                                         
  CHSTAT=0.01, TWISTA=0.0,                                                       
  DHDADI=0.0,                                                                    
  TYPE=1.0$                                                                      
  $WGSCHR TYPEIN=1.0, NPTS=50.0,                                                 
  XCORD=0.0,0.0204,0.0408,0.0612,0.0816,0.1020,0.1224,0.1429,0.1633,             
  0.1837,0.2041,0.2245,0.2449,0.2653,0.2857,0.3061,0.3265,0.3469,                
  0.3673,0.3878,0.4082,0.4286,0.4490,0.4694,0.4898,0.5102,0.5306,                
  0.5510,0.5714,0.5918,0.6122,0.6327,0.6531,0.6735,0.6939,0.7143,                
  0.7347,0.7551,0.7755,0.7959,0.8163,0.8367,0.8571,0.8776,0.8980,                
  0.9184,0.9388,0.9592,0.9796,1.0000,                                            
  YUPPER=0.0002,0.0242,0.0365,0.0458,0.0535,0.0600,0.0657,0.0707,                
  0.0751,0.0789,0.0823,0.0852,0.0877,0.0898,0.0915,0.0928,0.0937,                
  0.0942,0.0943,0.0940,0.0934,0.0924,0.0911,0.0895,0.0876,0.0853,                
  0.0828,0.0800,0.0770,0.0738,0.0705,0.0671,0.0637,0.0601,0.0565,                
  0.0529,0.0492,0.0455,0.0417,0.0380,0.0342,0.0304,0.0267,0.0229,                
  0.0191,0.0153,0.0114,0.0074,0.0034,0.0000,                                     
  YLOWER=-0.0002,-0.0165,-0.0237,-0.0282,-0.0317,-0.0344,-0.0365,                
  -0.0382,-0.0394,-0.0404,-0.0412,-0.0416,-0.0419,-0.0420,-0.0419,               
  -0.0417,-0.0412,-0.0406,-0.0398,-0.0388,-0.0377,-0.0364,-0.0350,               
  -0.0336,-0.0322,-0.0307,-0.0291,-0.0276,-0.0261,-0.0245,-0.0230,               
  -0.0215,-0.0200,-0.0185,-0.0170,-0.0156,-0.0141,-0.0128,-0.0114,               
  -0.0101,-0.0088,-0.0076,-0.0065,-0.0053,-0.0043,-0.0032,-0.0022,               
  -0.0011,-0.0003,0.0000$                                                        
  $SYMFLP FTYPE=1.0, NDELTA=5.0,                                                 
  DELTA(1)=0.0,5.0,10.0,15.0,20.0,                                               
  PHETE=0.00169, PHETEP=0.00193,                                                 
  CHRDFI=0.213, CHRDFO=0.213,                                                    
  SPANFI=0.344, SPANFO=1.632,                                                    
  CB=0.0, TC=0.0427,                                                             
  NTYPE=1.0$                                                                     
 CASEID FLAPS: UAV                                                               
 NEXT CASE                                                                       
 DIM FT                                                                          
 DERIV DEG                                                                       
 DAMP                                                                            
  $FLTCON WT=2.866, LOOP=1.0,                                                    
  NMACH=1.0, MACH(1)=0.05,                                                       
  NALT=1.0, ALT(1)= 100.0,                                                       
  NALPHA=20.0,                                                                   
  ALSCHD(1)= -14.0, -12.0, -10.0, -8.0, -6.0, -5.0, -4.0, -2.0,                  
  -1.0, 0.0, 1.0, 2.0, 4.0, 5.0, 8.0, 10.0, 12.0, 14.0, 16.0, 18.0,              
  TR=1.0$                                                                        
  $OPTINS SREF=3.561, CBARR=0.613, BLREF=5.91, ROUGFC=0.50E-3$                   
  $SYNTHS XCG=1.2602, ZCG=0.127,                                                 
  XW=1.0564,  ZW=0.18,  ALIW=0.0,                                                
  XH=3.61,  ZH=0.16,   ALIH=0.0,                                                 
  XV=3.233,  ZV=0.155,                                                           
  SCALE=1.0, VERTUP=.TRUE.$                                                      
  $BODY NX=6.0,                                                                  
  X(1)=0.0,0.46,1.34,1.84,2.3,3.67,                                              
  R(1)=0.0,0.156,0.156,0.156,0.0,0.0,                                            
  S(1)=0.0,0.11,0.11,0.05,0.0,0.0,                                               
  P(1)=0.0,1.36,1.36,0.16,0.0,0.0,                                               
  ITYPE=1.0, METHOD=1.0$                                                         
  $WGPLNF CHRDR=0.6883, CHRDTP=0.4258,                                           
  SSPN=2.95,  SSPNE=2.6575,                                                      
  CHRDBP=0.6883, SSPNOP=1.9357,                                                  
  SAVSI=0.0, SAVSO=7.67,                                                         
  CHSTAT=0.01, TWISTA=0.0,                                                       
  DHDADI=0.0,                                                                    
  TYPE=1.0$                                                                      
  $WGSCHR TYPEIN=1.0, NPTS=50.0,                                                 
  XCORD=0.0,0.0204,0.0408,0.0612,0.0816,0.1020,0.1224,0.1429,0.1633,             
  0.1837,0.2041,0.2245,0.2449,0.2653,0.2857,0.3061,0.3265,0.3469,                
  0.3673,0.3878,0.4082,0.4286,0.4490,0.4694,0.4898,0.5102,0.5306,                
  0.5510,0.5714,0.5918,0.6122,0.6327,0.6531,0.6735,0.6939,0.7143,                
  0.7347,0.7551,0.7755,0.7959,0.8163,0.8367,0.8571,0.8776,0.8980,                
  0.9184,0.9388,0.9592,0.9796,1.0000,                                            
  YUPPER=0.0002,0.0242,0.0365,0.0458,0.0535,0.0600,0.0657,0.0707,                
  0.0751,0.0789,0.0823,0.0852,0.0877,0.0898,0.0915,0.0928,0.0937,                
  0.0942,0.0943,0.0940,0.0934,0.0924,0.0911,0.0895,0.0876,0.0853,                
  0.0828,0.0800,0.0770,0.0738,0.0705,0.0671,0.0637,0.0601,0.0565,                
  0.0529,0.0492,0.0455,0.0417,0.0380,0.0342,0.0304,0.0267,0.0229,                
  0.0191,0.0153,0.0114,0.0074,0.0034,0.0000,                                     
  YLOWER=-0.0002,-0.0165,-0.0237,-0.0282,-0.0317,-0.0344,-0.0365,                
  -0.0382,-0.0394,-0.0404,-0.0412,-0.0416,-0.0419,-0.0420,-0.0419,               
  -0.0417,-0.0412,-0.0406,-0.0398,-0.0388,-0.0377,-0.0364,-0.0350,               
  -0.0336,-0.0322,-0.0307,-0.0291,-0.0276,-0.0261,-0.0245,-0.0230,               
  -0.0215,-0.0200,-0.0185,-0.0170,-0.0156,-0.0141,-0.0128,-0.0114,               
  -0.0101,-0.0088,-0.0076,-0.0065,-0.0053,-0.0043,-0.0032,-0.0022,               
  -0.0011,-0.0003,0.0000$                                                        
  $ASYFLP STYPE=4.0, NDELTA=9.0,                                                 
  DELTAL(1)=-32.0,-20.0,-10.0,-5.0,0.0,5.0,10.0,20.0,32.0,                       
  DELTAR(1)=32.0,20.0,10.0,5.0,0.0,-5.0,-10.0,-20.0,-32.0,                       
  SPANFI=1.64, SPANFO=2.95,                                                      
  CHRDFI=0.164, CHRDFO=0.164$                                                    
 CASEID AILERONS: UAV                                                            
 NEXT CASE                                                                       
 DIM FT                                                                          
 DERIV DEG                                                                       
 DAMP                                                                            
  $FLTCON WT=2.866, LOOP=1.0,                                                    
  NMACH=1.0, MACH(1)=0.05,                                                       
  NALT=1.0, ALT(1)= 100.0,                                                       
  NALPHA=20.0,                                                                   
  ALSCHD(1)= -14.0, -12.0, -10.0, -8.0, -6.0, -5.0, -4.0, -2.0,                  
  -1.0, 0.0, 1.0, 2.0, 4.0, 5.0, 8.0, 10.0, 12.0, 14.0, 16.0, 18.0,              
  TR=1.0$                                                                        
  $OPTINS SREF=3.561, CBARR=0.613, BLREF=5.91, ROUGFC=0.50E-3$                   
  $SYNTHS XCG=1.2602, ZCG=0.127,                                                 
  XW=1.0564,  ZW=0.18,  ALIW=0.0,                                                
  XH=3.61,  ZH=0.16,   ALIH=0.0,                                                 
  XV=3.233,  ZV=0.155,                                                           
  SCALE=1.0, VERTUP=.TRUE.$                                                      
  $BODY NX=6.0,                                                                  
  X(1)=0.0,0.46,1.34,1.84,2.3,3.67,                                              
  R(1)=0.0,0.156,0.156,0.156,0.0,0.0,                                            
  S(1)=0.0,0.11,0.11,0.05,0.0,0.0,                                               
  P(1)=0.0,1.36,1.36,0.16,0.0,0.0,                                               
  ITYPE=1.0, METHOD=1.0$                                                         
  $WGPLNF CHRDR=0.6883, CHRDTP=0.4258,                                           
  SSPN=2.95,  SSPNE=2.6575,                                                      
  CHRDBP=0.6883, SSPNOP=1.9357,                                                  
  SAVSI=0.0, SAVSO=7.67,                                                         
  CHSTAT=0.01, TWISTA=0.0,                                                       
  DHDADI=0.0,                                                                    
  TYPE=1.0$                                                                      
  $WGSCHR TYPEIN=1.0, NPTS=50.0,                                                 
  XCORD=0.0,0.0204,0.0408,0.0612,0.0816,0.1020,0.1224,0.1429,0.1633,             
  0.1837,0.2041,0.2245,0.2449,0.2653,0.2857,0.3061,0.3265,0.3469,                
  0.3673,0.3878,0.4082,0.4286,0.4490,0.4694,0.4898,0.5102,0.5306,                
  0.5510,0.5714,0.5918,0.6122,0.6327,0.6531,0.6735,0.6939,0.7143,                
  0.7347,0.7551,0.7755,0.7959,0.8163,0.8367,0.8571,0.8776,0.8980,                
  0.9184,0.9388,0.9592,0.9796,1.0000,                                            
  YUPPER=0.0002,0.0242,0.0365,0.0458,0.0535,0.0600,0.0657,0.0707,                
  0.0751,0.0789,0.0823,0.0852,0.0877,0.0898,0.0915,0.0928,0.0937,                
  0.0942,0.0943,0.0940,0.0934,0.0924,0.0911,0.0895,0.0876,0.0853,                
  0.0828,0.0800,0.0770,0.0738,0.0705,0.0671,0.0637,0.0601,0.0565,                
  0.0529,0.0492,0.0455,0.0417,0.0380,0.0342,0.0304,0.0267,0.0229,                
  0.0191,0.0153,0.0114,0.0074,0.0034,0.0000,                                     
  YLOWER=-0.0002,-0.0165,-0.0237,-0.0282,-0.0317,-0.0344,-0.0365,                
  -0.0382,-0.0394,-0.0404,-0.0412,-0.0416,-0.0419,-0.0420,-0.0419,               
  -0.0417,-0.0412,-0.0406,-0.0398,-0.0388,-0.0377,-0.0364,-0.0350,               
  -0.0336,-0.0322,-0.0307,-0.0291,-0.0276,-0.0261,-0.0245,-0.0230,               
  -0.0215,-0.0200,-0.0185,-0.0170,-0.0156,-0.0141,-0.0128,-0.0114,               
  -0.0101,-0.0088,-0.0076,-0.0065,-0.0053,-0.0043,-0.0032,-0.0022,               
  -0.0011,-0.0003,0.0000$                                                        
 NACA H 4 0006                                                                   
  $HTPLNF CHRDR=0.51, CHRDTP=0.31,                                               
  SSPN=0.656, SSPNE=0.656,                                                       
  SAVSI=16.2,                                                                    
  CHSTAT=0.01, TWISTA=0.0,                                                       
  DHDADI=0.0,                                                                    
  TYPE=1.0$                                                                      
  $VTPLNF CHRDTP=0.328, SSPNE=0.689,  SSPN=0.689, CHRDR=0.781,                   
  SAVSI=30.0,  TWISTA=0.0, CHSTAT=0.01, TYPE=1.0$                                
  $SYMFLP FTYPE=1.0,                                                             
  NDELTA=8.0, DELTA(1)=-15.0,-10.0,-5.0,0.0,5.0,10.0,13.0,16.0,                  
  PHETE=0.0, PHETEP=0.0,                                                         
  CHRDFI=0.1096, CHRDFO=0.0817,                                                  
  SPANFI=0.0, SPANFO=0.66,                                                       
  CB=0.0, TC=0.0197, NTYPE=1.0$                                                  
 NACA V 4 0006                                                                   
 CASEID TOTAL: TOTAL: UAV                                                        
1          THE FOLLOWING IS A LIST OF ALL INPUT CARDS FOR THIS CASE.
0
 DIM FT                                                                          
 DERIV DEG                                                                       
 DAMP                                                                            
  $FLTCON WT=2.866, LOOP=1.0,                                                    
  NMACH=1.0, MACH(1)=0.05,                                                       
  NALT=1.0, ALT(1)= 100.0,                                                       
  NALPHA=20.0,                                                                   
  ALSCHD(1)= -14.0, -12.0, -10.0, -8.0, -6.0, -5.0, -4.0, -2.0,                  
  -1.0, 0.0, 1.0, 2.0, 4.0, 5.0, 8.0, 10.0, 12.0, 14.0, 16.0, 18.0,              
  TR=1.0$                                                                        
  $OPTINS SREF=3.561, CBARR=0.613, BLREF=5.91, ROUGFC=0.50E-3$                   
  $SYNTHS XCG=1.2602, ZCG=0.127,                                                 
  XW=1.0564,  ZW=0.18,  ALIW=0.0,                                                
  XH=3.61,  ZH=0.16,   ALIH=0.0,                                                 
  XV=3.233,  ZV=0.155,                                                           
  SCALE=1.0, VERTUP=.TRUE.$                                                      
  $BODY NX=6.0,                                                                  
  X(1)=0.0,0.46,1.34,1.84,2.3,3.67,                                              
  R(1)=0.0,0.156,0.156,0.156,0.0,0.0,                                            
  S(1)=0.0,0.11,0.11,0.05,0.0,0.0,                                               
  P(1)=0.0,1.36,1.36,0.16,0.0,0.0,                                               
  ITYPE=1.0, METHOD=1.0$                                                         
  $WGPLNF CHRDR=0.6883, CHRDTP=0.4258,                                           
  SSPN=2.95,  SSPNE=2.6575,                                                      
  CHRDBP=0.6883, SSPNOP=1.9357,                                                  
  SAVSI=0.0, SAVSO=7.67,                                                         
  CHSTAT=0.01, TWISTA=0.0,                                                       
  DHDADI=0.0,                                                                    
  TYPE=1.0$                                                                      
  $WGSCHR TYPEIN=1.0, NPTS=50.0,                                                 
  XCORD=0.0,0.0204,0.0408,0.0612,0.0816,0.1020,0.1224,0.1429,0.1633,             
  0.1837,0.2041,0.2245,0.2449,0.2653,0.2857,0.3061,0.3265,0.3469,                
  0.3673,0.3878,0.4082,0.4286,0.4490,0.4694,0.4898,0.5102,0.5306,                
  0.5510,0.5714,0.5918,0.6122,0.6327,0.6531,0.6735,0.6939,0.7143,                
  0.7347,0.7551,0.7755,0.7959,0.8163,0.8367,0.8571,0.8776,0.8980,                
  0.9184,0.9388,0.9592,0.9796,1.0000,                                            
  YUPPER=0.0002,0.0242,0.0365,0.0458,0.0535,0.0600,0.0657,0.0707,                
  0.0751,0.0789,0.0823,0.0852,0.0877,0.0898,0.0915,0.0928,0.0937,                
  0.0942,0.0943,0.0940,0.0934,0.0924,0.0911,0.0895,0.0876,0.0853,                
  0.0828,0.0800,0.0770,0.0738,0.0705,0.0671,0.0637,0.0601,0.0565,                
  0.0529,0.0492,0.0455,0.0417,0.0380,0.0342,0.0304,0.0267,0.0229,                
  0.0191,0.0153,0.0114,0.0074,0.0034,0.0000,                                     
  YLOWER=-0.0002,-0.0165,-0.0237,-0.0282,-0.0317,-0.0344,-0.0365,                
  -0.0382,-0.0394,-0.0404,-0.0412,-0.0416,-0.0419,-0.0420,-0.0419,               
  -0.0417,-0.0412,-0.0406,-0.0398,-0.0388,-0.0377,-0.0364,-0.0350,               
  -0.0336,-0.0322,-0.0307,-0.0291,-0.0276,-0.0261,-0.0245,-0.0230,               
  -0.0215,-0.0200,-0.0185,-0.0170,-0.0156,-0.0141,-0.0128,-0.0114,               
  -0.0101,-0.0088,-0.0076,-0.0065,-0.0053,-0.0043,-0.0032,-0.0022,               
  -0.0011,-0.0003,0.0000$                                                        
  $SYMFLP FTYPE=1.0, NDELTA=5.0,                                                 
  DELTA(1)=0.0,5.0,10.0,15.0,20.0,                                               
  PHETE=0.00169, PHETEP=0.00193,                                                 
  CHRDFI=0.213, CHRDFO=0.213,                                                    
  SPANFI=0.344, SPANFO=1.632,                                                    
  CB=0.0, TC=0.0427,                                                             
  NTYPE=1.0$                                                                     
 CASEID FLAPS: UAV                                                               
 NEXT CASE                                                                       
0 INPUT DIMENSIONS ARE IN FT, SCALE FACTOR IS 1.0000

1                             AUTOMATED STABILITY AND CONTROL METHODS PER APRIL 1976 VERSION OF DATCOM   
                                                        USER DEFINED WING SECTION
     UPPER ABSCISSA     UPPER ORDINATE     LOWER ABSCISSA     LOWER ORDINATE      X-FRACTION CHORD    MEAN LINE    THICKNESS
          .00000             .00000            .00000            .00000               .00000            .00000        .00000
          .01725             .02395            .02355           -.01625               .02040            .00385        .04070
          .03717             .03628            .04443           -.02348               .04080            .00640        .06020
          .05714             .04558            .06526           -.02798               .06120            .00880        .07400
          .07744             .05330            .08576           -.03150               .08160            .01090        .08520
          .09774             .05981            .10626           -.03421               .10200            .01280        .09440
          .11810             .06552            .12670           -.03632               .12240            .01460        .10220
          .13859             .07053            .14721           -.03803               .14290            .01625        .10890
          .15910             .07495            .16750           -.03925               .16330            .01785        .11450
          .17976             .07877            .18764           -.04027               .18370            .01925        .11930
          .20025             .08218            .20795           -.04108               .20410            .02055        .12350
          .22085             .08510            .22815           -.04150               .22450            .02180        .12680
          .24157             .08761            .24823           -.04181               .24490            .02290        .12960
          .26223             .08973            .26837           -.04193               .26530            .02390        .13180
          .28300             .09145            .28840           -.04185               .28570            .02480        .13340
          .30371             .09276            .30849           -.04166               .30610            .02555        .13450
          .32443             .09367            .32857           -.04117               .32650            .02625        .13490
          .34525             .09418            .34855           -.04058               .34690            .02680        .13480
          .36599             .09429            .36861           -.03979               .36730            .02725        .13410
          .38683             .09399            .38877           -.03879               .38780            .02760        .13280
          .40756             .09340            .40884           -.03770               .40820            .02785        .13110
          .42828             .09240            .42892           -.03640               .42860            .02800        .12880
          .44908             .09110            .44892           -.03500               .44900            .02805        .12610
          .46993             .08950            .46887           -.03360               .46940            .02795        .12310
          .49075             .08759            .48885           -.03219               .48980            .02770        .11980
          .51141             .08529            .50899           -.03069               .51020            .02730        .11600
          .53211             .08278            .52909           -.02908               .53060            .02685        .11190
          .55285             .07997            .54915           -.02757               .55100            .02620        .10760
          .57336             .07696            .56944           -.02606               .57140            .02545        .10310
          .59385             .07376            .58975           -.02446               .59180            .02465        .09830
          .61431             .07045            .61009           -.02295               .61220            .02375        .09350
          .63476             .06705            .63064           -.02145               .63270            .02280        .08860
          .65515             .06365            .65105           -.01995               .65310            .02185        .08370
          .67552             .06005            .67148           -.01845               .67350            .02080        .07860
          .69583             .05645            .69197           -.01695               .69390            .01975        .07350
          .71614             .05285            .71246           -.01555               .71430            .01865        .06850
          .73648             .04915            .73292           -.01405               .73470            .01755        .06330
          .75681             .04545            .75339           -.01275               .75510            .01635        .05830
          .77706             .04165            .77394           -.01135               .77550            .01515        .05310
          .79734             .03796            .79446           -.01006               .79590            .01395        .04810
          .81764             .03416            .81496           -.00876               .81630            .01270        .04300
          .83791             .03036            .83549           -.00756               .83670            .01140        .03800
          .85815             .02667            .85605           -.00647               .85710            .01010        .03320
          .87853             .02287            .87667           -.00527               .87760            .00880        .02820
          .89879             .01907            .89721           -.00427               .89800            .00740        .02340
          .91903             .01528            .91777           -.00318               .91840            .00605        .01850
          .93928             .01138            .93832           -.00218               .93880            .00460        .01360
          .95952             .00739            .95888           -.00109               .95920            .00315        .00850
          .97974             .00339            .97946           -.00029               .97960            .00155        .00370
         1.00000             .00000           1.00000            .00000              1.00000            .00000        .00000
1                             AUTOMATED STABILITY AND CONTROL METHODS PER APRIL 1976 VERSION OF DATCOM   
                                                        WING SECTION DEFINITION
0                                 IDEAL ANGLE OF ATTACK =    .71567 DEG.

                              ZERO LIFT ANGLE OF ATTACK =  -2.46098 DEG.

                                 IDEAL LIFT COEFFICIENT =    .36677

                  ZERO LIFT PITCHING MOMENT COEFFICIENT =   -.05726

                             MACH ZERO LIFT-CURVE-SLOPE =    .09644 /DEG.

                                    LEADING EDGE RADIUS =    .02035 FRACTION CHORD

                              MAXIMUM AIRFOIL THICKNESS =    .13490 FRACTION CHORD

                                                DELTA-Y =   3.50978 PERCENT CHORD


0                         MACH=  .0500 LIFT-CURVE-SLOPE =    .09653 /DEG.      XAC =    .26958
1                               AUTOMATED STABILITY AND CONTROL METHODS PER APRIL 1976 VERSION OF DATCOM
                                         CHARACTERISTICS AT ANGLE OF ATTACK AND IN SIDESLIP
                                                       WING-BODY CONFIGURATION
                                                            FLAPS: UAV
 
 -----------------------  FLIGHT CONDITIONS  ------------------------           --------------  REFERENCE DIMENSIONS  ------------
  MACH    ALTITUDE   VELOCITY    PRESSURE    TEMPERATURE     REYNOLDS             REF.      REFERENCE LENGTH   MOMENT REF. CENTER
 NUMBER                                                       NUMBER              AREA       LONG.     LAT.     HORIZ      VERT
             FT       FT/SEC     LB/FT**2       DEG R         1/FT               FT**2        FT        FT        FT        FT
0  .050     100.00      55.80   2.1086E+03     518.313     3.5244E+05             3.561       .613     5.910     1.260      .127
0                                                               -------------------DERIVATIVE (PER DEGREE)-------------------
0 ALPHA     CD       CL       CM       CN       CA       XCP        CLA          CMA          CYB          CNB          CLB
0
  -14.0     .069   -1.070    -.0214  -1.055    -.192     .020    9.630E-02   -1.656E-03    0.000E+00         -INF    1.368E-05
  -12.0     .053    -.878    -.0249   -.869    -.131     .029    9.597E-02   -1.844E-03                             -5.977E-05
  -10.0     .039    -.686    -.0288   -.682    -.081     .042    9.519E-02   -2.020E-03                             -1.330E-04
   -8.0     .029    -.497    -.0330   -.496    -.040     .067    9.353E-02   -2.169E-03                             -2.052E-04
   -6.0     .022    -.312    -.0375   -.313    -.010     .120    9.108E-02   -2.291E-03                             -2.759E-04
   -5.0     .020    -.222    -.0398   -.222     .001     .179    8.955E-02   -2.340E-03                             -3.104E-04
   -4.0     .019    -.133    -.0422   -.134     .010     .315    8.782E-02   -2.383E-03                             -3.443E-04
   -2.0     .018     .039    -.0470    .039     .020   -1.217    8.664E-02   -2.610E-03                             -4.101E-04
   -1.0     .019     .126    -.0497    .126     .021    -.395    8.801E-02   -2.847E-03                             -4.433E-04
     .0     .020     .215    -.0527    .215     .020    -.245    9.007E-02   -3.135E-03                             -4.773E-04
    1.0     .022     .306    -.0560    .307     .017    -.183    9.194E-02   -3.419E-03                             -5.121E-04
    2.0     .025     .399    -.0596    .400     .011    -.149    9.357E-02   -3.699E-03                             -5.476E-04
    4.0     .034     .589    -.0675    .590    -.008    -.114    9.630E-02   -4.245E-03                             -6.202E-04
    5.0     .039     .686    -.0719    .687    -.021    -.105    9.730E-02   -4.508E-03                             -6.572E-04
    8.0     .061     .982    -.0866    .981    -.076    -.088    9.847E-02   -5.222E-03                             -7.701E-04
   10.0     .080    1.179    -.0975   1.175    -.126    -.083    8.685E-02   -4.880E-03                             -8.453E-04
   12.0     .097    1.329    -.1061   1.320    -.181    -.080    6.782E-02   -4.003E-03                             -9.028E-04
   14.0     .112    1.450    -.1135   1.434    -.242    -.079    5.137E-02   -3.211E-03                             -9.490E-04
   16.0     .123    1.535    -.1189   1.509    -.305    -.079    2.597E-02   -2.263E-03                             -9.813E-04
   18.0     .126    1.554     NA      1.517    -.360    NA      -6.757E-03      NA                                  -9.887E-04
0*** NA PRINTED WHEN METHOD NOT APPLICABLE
1                               AUTOMATED STABILITY AND CONTROL METHODS PER APRIL 1976 VERSION OF DATCOM
                                                         DYNAMIC DERIVATIVES
                                                       WING-BODY CONFIGURATION
                                                            FLAPS: UAV
 
 -----------------------  FLIGHT CONDITIONS  ------------------------           --------------  REFERENCE DIMENSIONS  ------------
  MACH    ALTITUDE   VELOCITY    PRESSURE    TEMPERATURE     REYNOLDS             REF.      REFERENCE LENGTH   MOMENT REF. CENTER
 NUMBER                                                       NUMBER              AREA       LONG.     LAT.     HORIZ      VERT
             FT       FT/SEC     LB/FT**2       DEG R         1/FT               FT**2        FT        FT        FT        FT
0  .050     100.00      55.80   2.1086E+03     518.313     3.5244E+05             3.561       .613     5.910     1.260      .127
                                                    DYNAMIC DERIVATIVES (PER DEGREE)
0           -------PITCHING-------    -----ACCELERATION------    --------------ROLLING--------------    --------YAWING--------
0   ALPHA       CLQ          CMQ           CLAD         CMAD         CLP          CYP          CNP          CNR          CLR
0
   -14.00    5.362E-02   -6.608E-03       NDM          NDM       -9.557E-03    1.031E-03    1.196E-03   -2.947E-04   -4.201E-03
   -12.00                                                        -9.504E-03    8.452E-04    9.816E-04   -2.207E-04   -3.446E-03
   -10.00                                                        -9.411E-03    6.610E-04    7.686E-04   -1.615E-04   -2.694E-03
    -8.00                                                        -9.236E-03    4.798E-04    5.609E-04   -1.173E-04   -1.951E-03
    -6.00                                                        -8.988E-03    3.024E-04    3.568E-04   -8.769E-05   -1.225E-03
    -5.00                                                        -8.834E-03    2.154E-04    2.557E-04   -7.816E-05   -8.698E-04
    -4.00                                                        -8.663E-03    1.294E-04    1.544E-04   -7.195E-05   -5.215E-04
    -2.00                                                        -8.546E-03   -3.834E-05   -4.598E-05   -6.877E-05    1.543E-04
    -1.00                                                        -8.682E-03   -1.229E-04   -1.468E-04   -7.162E-05    4.957E-04
      .00                                                        -8.886E-03   -2.090E-04   -2.476E-04   -7.763E-05    8.455E-04
     1.00                                                        -9.072E-03   -2.965E-04   -3.488E-04   -8.702E-05    1.203E-03
     2.00                                                        -9.236E-03   -3.853E-04   -4.501E-04   -9.996E-05    1.567E-03
     4.00                                                        -9.514E-03   -5.664E-04   -6.548E-04   -1.371E-04    2.314E-03
     5.00                                                        -9.619E-03   -6.585E-04   -7.587E-04   -1.616E-04    2.695E-03
     8.00                                                        -9.761E-03   -9.413E-04   -1.083E-03   -2.590E-04    3.855E-03
    10.00                                                        -8.641E-03   -1.150E-03   -1.401E-03   -3.431E-04    4.628E-03
    12.00                                                        -6.790E-03   -1.336E-03   -1.745E-03   -4.177E-04    5.219E-03
    14.00                                                        -5.190E-03   -1.501E-03   -2.056E-03   -4.840E-04    5.693E-03
    16.00                                                        -2.708E-03   -1.668E-03   -2.407E-03   -5.340E-04    6.026E-03
    18.00                                                         5.064E-04   -1.751E-03   -2.587E-03   -5.457E-04    6.101E-03
0*** NDM PRINTED WHEN NO DATCOM METHODS EXIST
0*** VEHICLE WEIGHT =      2.87 LB.
0*** LEVEL FLIGHT LIFT COEFFICIENT =  .21811
1                            AUTOMATED STABILITY AND CONTROL METHODS PER APRIL 1976 VERSION OF DATCOM
                                         CHARACTERISTICS OF HIGH LIFT AND CONTROL DEVICES
                                            WING PLAIN TRAILING-EDGE FLAP CONFIGURATION
                                                            FLAPS: UAV
 -----------------------  FLIGHT CONDITIONS  ------------------------           --------------  REFERENCE DIMENSIONS  ------------
  MACH    ALTITUDE   VELOCITY    PRESSURE    TEMPERATURE     REYNOLDS             REF.      REFERENCE LENGTH   MOMENT REF. CENTER
 NUMBER                                                       NUMBER              AREA       LONG.     LAT.     HORIZ      VERT
             FT       FT/SEC     LB/FT**2       DEG R         1/FT               FT**2        FT        FT        FT        FT
0  .050     100.00      55.80   2.1086E+03     518.313     3.5244E+05             3.561       .613     5.910     1.260      .127
0            ---------INCREMENTS DUE TO DEFLECTION---------              ---DERIVATIVES (PER DEGREE)---
0     DELTA     D(CL)     D(CM)    D(CL MAX)    D(CD MIN)                (CLA)D     (CH)A       (CH)D


         .0      .000      .0000      .000       .00000                  NDM      -8.852E-03  -1.624E-02
        5.0      .122     -.0231      .087       .00322                  NDM                  -1.624E-02
       10.0      .244     -.0462      .169       .00796                  NDM                  -1.624E-02
       15.0      .356     -.0650      .235       .01700                  NDM                  -1.627E-02
       20.0      .388     -.0881      .292       .02439                  NDM                  -1.650E-02
0  *** NOTE * HINGE MOMENT DERIVATIVES ARE BASED ON TWICE THE AREA-MOMENT OF THE CONTROL ABOUT ITS HINGE LINE

0            --------- INDUCED DRAG COEFFICIENT INCREMENT , D(CDI) , DUE TO DEFLECTION ---------
0       DELTA =    .0       5.0      10.0      15.0      20.0
   ALPHA
0
   -14.0       -1.88E-05 -8.32E-03 -1.45E-02 -1.83E-02 -1.90E-02
   -12.0       -1.55E-05 -6.69E-03 -1.12E-02 -1.35E-02 -1.38E-02
   -10.0       -1.23E-05 -5.06E-03 -7.98E-03 -8.78E-03 -8.67E-03
    -8.0       -9.00E-06 -3.43E-03 -4.73E-03 -4.03E-03 -3.50E-03
    -6.0       -5.75E-06 -1.81E-03 -1.47E-03  7.23E-04  1.68E-03
    -5.0       -4.13E-06 -9.95E-04  1.53E-04  3.10E-03  4.27E-03
    -4.0       -2.50E-06 -1.81E-04  1.78E-03  5.47E-03  6.85E-03
    -2.0        7.54E-07  1.45E-03  5.03E-03  1.02E-02  1.20E-02
    -1.0        2.38E-06  2.26E-03  6.66E-03  1.26E-02  1.46E-02
      .0        4.01E-06  3.07E-03  8.29E-03  1.50E-02  1.72E-02
     1.0        5.63E-06  3.89E-03  9.91E-03  1.73E-02  1.98E-02
     2.0        7.26E-06  4.70E-03  1.15E-02  1.97E-02  2.24E-02
     4.0        1.05E-05  6.33E-03  1.48E-02  2.45E-02  2.76E-02
     5.0        1.21E-05  7.14E-03  1.64E-02  2.68E-02  3.01E-02
     8.0        1.70E-05  9.58E-03  2.13E-02  3.40E-02  3.79E-02
    10.0        2.03E-05  1.12E-02  2.46E-02  3.87E-02  4.31E-02
    12.0        2.35E-05  1.28E-02  2.78E-02  4.35E-02  4.83E-02
    14.0        2.68E-05  1.45E-02  3.11E-02  4.82E-02  5.34E-02
    16.0        3.01E-05  1.61E-02  3.43E-02  5.30E-02  5.86E-02
    18.0        3.33E-05  1.77E-02  3.76E-02  5.77E-02  6.38E-02
0***NDM PRINTED WHEN NO DATCOM METHODS EXIST
1          THE FOLLOWING IS A LIST OF ALL INPUT CARDS FOR THIS CASE.
0
 DIM FT                                                                          
 DERIV DEG                                                                       
 DAMP                                                                            
  $FLTCON WT=2.866, LOOP=1.0,                                                    
  NMACH=1.0, MACH(1)=0.05,                                                       
  NALT=1.0, ALT(1)= 100.0,                                                       
  NALPHA=20.0,                                                                   
  ALSCHD(1)= -14.0, -12.0, -10.0, -8.0, -6.0, -5.0, -4.0, -2.0,                  
  -1.0, 0.0, 1.0, 2.0, 4.0, 5.0, 8.0, 10.0, 12.0, 14.0, 16.0, 18.0,              
  TR=1.0$                                                                        
  $OPTINS SREF=3.561, CBARR=0.613, BLREF=5.91, ROUGFC=0.50E-3$                   
  $SYNTHS XCG=1.2602, ZCG=0.127,                                                 
  XW=1.0564,  ZW=0.18,  ALIW=0.0,                                                
  XH=3.61,  ZH=0.16,   ALIH=0.0,                                                 
  XV=3.233,  ZV=0.155,                                                           
  SCALE=1.0, VERTUP=.TRUE.$                                                      
  $BODY NX=6.0,                                                                  
  X(1)=0.0,0.46,1.34,1.84,2.3,3.67,                                              
  R(1)=0.0,0.156,0.156,0.156,0.0,0.0,                                            
  S(1)=0.0,0.11,0.11,0.05,0.0,0.0,                                               
  P(1)=0.0,1.36,1.36,0.16,0.0,0.0,                                               
  ITYPE=1.0, METHOD=1.0$                                                         
  $WGPLNF CHRDR=0.6883, CHRDTP=0.4258,                                           
  SSPN=2.95,  SSPNE=2.6575,                                                      
  CHRDBP=0.6883, SSPNOP=1.9357,                                                  
  SAVSI=0.0, SAVSO=7.67,                                                         
  CHSTAT=0.01, TWISTA=0.0,                                                       
  DHDADI=0.0,                                                                    
  TYPE=1.0$                                                                      
  $WGSCHR TYPEIN=1.0, NPTS=50.0,                                                 
  XCORD=0.0,0.0204,0.0408,0.0612,0.0816,0.1020,0.1224,0.1429,0.1633,             
  0.1837,0.2041,0.2245,0.2449,0.2653,0.2857,0.3061,0.3265,0.3469,                
  0.3673,0.3878,0.4082,0.4286,0.4490,0.4694,0.4898,0.5102,0.5306,                
  0.5510,0.5714,0.5918,0.6122,0.6327,0.6531,0.6735,0.6939,0.7143,                
  0.7347,0.7551,0.7755,0.7959,0.8163,0.8367,0.8571,0.8776,0.8980,                
  0.9184,0.9388,0.9592,0.9796,1.0000,                                            
  YUPPER=0.0002,0.0242,0.0365,0.0458,0.0535,0.0600,0.0657,0.0707,                
  0.0751,0.0789,0.0823,0.0852,0.0877,0.0898,0.0915,0.0928,0.0937,                
  0.0942,0.0943,0.0940,0.0934,0.0924,0.0911,0.0895,0.0876,0.0853,                
  0.0828,0.0800,0.0770,0.0738,0.0705,0.0671,0.0637,0.0601,0.0565,                
  0.0529,0.0492,0.0455,0.0417,0.0380,0.0342,0.0304,0.0267,0.0229,                
  0.0191,0.0153,0.0114,0.0074,0.0034,0.0000,                                     
  YLOWER=-0.0002,-0.0165,-0.0237,-0.0282,-0.0317,-0.0344,-0.0365,                
  -0.0382,-0.0394,-0.0404,-0.0412,-0.0416,-0.0419,-0.0420,-0.0419,               
  -0.0417,-0.0412,-0.0406,-0.0398,-0.0388,-0.0377,-0.0364,-0.0350,               
  -0.0336,-0.0322,-0.0307,-0.0291,-0.0276,-0.0261,-0.0245,-0.0230,               
  -0.0215,-0.0200,-0.0185,-0.0170,-0.0156,-0.0141,-0.0128,-0.0114,               
  -0.0101,-0.0088,-0.0076,-0.0065,-0.0053,-0.0043,-0.0032,-0.0022,               
  -0.0011,-0.0003,0.0000$                                                        
  $ASYFLP STYPE=4.0, NDELTA=9.0,                                                 
  DELTAL(1)=-32.0,-20.0,-10.0,-5.0,0.0,5.0,10.0,20.0,32.0,                       
  DELTAR(1)=32.0,20.0,10.0,5.0,0.0,-5.0,-10.0,-20.0,-32.0,                       
  SPANFI=1.64, SPANFO=2.95,                                                      
  CHRDFI=0.164, CHRDFO=0.164$                                                    
 CASEID AILERONS: UAV                                                            
 NEXT CASE                                                                       
0 INPUT DIMENSIONS ARE IN FT, SCALE FACTOR IS 1.0000

1                             AUTOMATED STABILITY AND CONTROL METHODS PER APRIL 1976 VERSION OF DATCOM   
                                                        USER DEFINED WING SECTION
     UPPER ABSCISSA     UPPER ORDINATE     LOWER ABSCISSA     LOWER ORDINATE      X-FRACTION CHORD    MEAN LINE    THICKNESS
          .00000             .00000            .00000            .00000               .00000            .00000        .00000
          .01725             .02395            .02355           -.01625               .02040            .00385        .04070
          .03717             .03628            .04443           -.02348               .04080            .00640        .06020
          .05714             .04558            .06526           -.02798               .06120            .00880        .07400
          .07744             .05330            .08576           -.03150               .08160            .01090        .08520
          .09774             .05981            .10626           -.03421               .10200            .01280        .09440
          .11810             .06552            .12670           -.03632               .12240            .01460        .10220
          .13859             .07053            .14721           -.03803               .14290            .01625        .10890
          .15910             .07495            .16750           -.03925               .16330            .01785        .11450
          .17976             .07877            .18764           -.04027               .18370            .01925        .11930
          .20025             .08218            .20795           -.04108               .20410            .02055        .12350
          .22085             .08510            .22815           -.04150               .22450            .02180        .12680
          .24157             .08761            .24823           -.04181               .24490            .02290        .12960
          .26223             .08973            .26837           -.04193               .26530            .02390        .13180
          .28300             .09145            .28840           -.04185               .28570            .02480        .13340
          .30371             .09276            .30849           -.04166               .30610            .02555        .13450
          .32443             .09367            .32857           -.04117               .32650            .02625        .13490
          .34525             .09418            .34855           -.04058               .34690            .02680        .13480
          .36599             .09429            .36861           -.03979               .36730            .02725        .13410
          .38683             .09399            .38877           -.03879               .38780            .02760        .13280
          .40756             .09340            .40884           -.03770               .40820            .02785        .13110
          .42828             .09240            .42892           -.03640               .42860            .02800        .12880
          .44908             .09110            .44892           -.03500               .44900            .02805        .12610
          .46993             .08950            .46887           -.03360               .46940            .02795        .12310
          .49075             .08759            .48885           -.03219               .48980            .02770        .11980
          .51141             .08529            .50899           -.03069               .51020            .02730        .11600
          .53211             .08278            .52909           -.02908               .53060            .02685        .11190
          .55285             .07997            .54915           -.02757               .55100            .02620        .10760
          .57336             .07696            .56944           -.02606               .57140            .02545        .10310
          .59385             .07376            .58975           -.02446               .59180            .02465        .09830
          .61431             .07045            .61009           -.02295               .61220            .02375        .09350
          .63476             .06705            .63064           -.02145               .63270            .02280        .08860
          .65515             .06365            .65105           -.01995               .65310            .02185        .08370
          .67552             .06005            .67148           -.01845               .67350            .02080        .07860
          .69583             .05645            .69197           -.01695               .69390            .01975        .07350
          .71614             .05285            .71246           -.01555               .71430            .01865        .06850
          .73648             .04915            .73292           -.01405               .73470            .01755        .06330
          .75681             .04545            .75339           -.01275               .75510            .01635        .05830
          .77706             .04165            .77394           -.01135               .77550            .01515        .05310
          .79734             .03796            .79446           -.01006               .79590            .01395        .04810
          .81764             .03416            .81496           -.00876               .81630            .01270        .04300
          .83791             .03036            .83549           -.00756               .83670            .01140        .03800
          .85815             .02667            .85605           -.00647               .85710            .01010        .03320
          .87853             .02287            .87667           -.00527               .87760            .00880        .02820
          .89879             .01907            .89721           -.00427               .89800            .00740        .02340
          .91903             .01528            .91777           -.00318               .91840            .00605        .01850
          .93928             .01138            .93832           -.00218               .93880            .00460        .01360
          .95952             .00739            .95888           -.00109               .95920            .00315        .00850
          .97974             .00339            .97946           -.00029               .97960            .00155        .00370
         1.00000             .00000           1.00000            .00000              1.00000            .00000        .00000
1                             AUTOMATED STABILITY AND CONTROL METHODS PER APRIL 1976 VERSION OF DATCOM   
                                                        WING SECTION DEFINITION
0                                 IDEAL ANGLE OF ATTACK =    .71567 DEG.

                              ZERO LIFT ANGLE OF ATTACK =  -2.46098 DEG.

                                 IDEAL LIFT COEFFICIENT =    .36677

                  ZERO LIFT PITCHING MOMENT COEFFICIENT =   -.05726

                             MACH ZERO LIFT-CURVE-SLOPE =    .09644 /DEG.

                                    LEADING EDGE RADIUS =    .02035 FRACTION CHORD

                              MAXIMUM AIRFOIL THICKNESS =    .13490 FRACTION CHORD

                                                DELTA-Y =   3.50978 PERCENT CHORD


0                         MACH=  .0500 LIFT-CURVE-SLOPE =    .09653 /DEG.      XAC =    .26958
1                               AUTOMATED STABILITY AND CONTROL METHODS PER APRIL 1976 VERSION OF DATCOM
                                         CHARACTERISTICS AT ANGLE OF ATTACK AND IN SIDESLIP
                                                       WING-BODY CONFIGURATION
                                                           AILERONS: UAV
 
 -----------------------  FLIGHT CONDITIONS  ------------------------           --------------  REFERENCE DIMENSIONS  ------------
  MACH    ALTITUDE   VELOCITY    PRESSURE    TEMPERATURE     REYNOLDS             REF.      REFERENCE LENGTH   MOMENT REF. CENTER
 NUMBER                                                       NUMBER              AREA       LONG.     LAT.     HORIZ      VERT
             FT       FT/SEC     LB/FT**2       DEG R         1/FT               FT**2        FT        FT        FT        FT
0  .050     100.00      55.80   2.1086E+03     518.313     3.5244E+05             3.561       .613     5.910     1.260      .127
0                                                               -------------------DERIVATIVE (PER DEGREE)-------------------
0 ALPHA     CD       CL       CM       CN       CA       XCP        CLA          CMA          CYB          CNB          CLB
0
  -14.0     .069   -1.070    -.0214  -1.055    -.192     .020    9.630E-02   -1.656E-03    0.000E+00         -INF    1.368E-05
  -12.0     .053    -.878    -.0249   -.869    -.131     .029    9.597E-02   -1.844E-03                             -5.977E-05
  -10.0     .039    -.686    -.0288   -.682    -.081     .042    9.519E-02   -2.020E-03                             -1.330E-04
   -8.0     .029    -.497    -.0330   -.496    -.040     .067    9.353E-02   -2.169E-03                             -2.052E-04
   -6.0     .022    -.312    -.0375   -.313    -.010     .120    9.108E-02   -2.291E-03                             -2.759E-04
   -5.0     .020    -.222    -.0398   -.222     .001     .179    8.955E-02   -2.340E-03                             -3.104E-04
   -4.0     .019    -.133    -.0422   -.134     .010     .315    8.782E-02   -2.383E-03                             -3.443E-04
   -2.0     .018     .039    -.0470    .039     .020   -1.217    8.664E-02   -2.610E-03                             -4.101E-04
   -1.0     .019     .126    -.0497    .126     .021    -.395    8.801E-02   -2.847E-03                             -4.433E-04
     .0     .020     .215    -.0527    .215     .020    -.245    9.007E-02   -3.135E-03                             -4.773E-04
    1.0     .022     .306    -.0560    .307     .017    -.183    9.194E-02   -3.419E-03                             -5.121E-04
    2.0     .025     .399    -.0596    .400     .011    -.149    9.357E-02   -3.699E-03                             -5.476E-04
    4.0     .034     .589    -.0675    .590    -.008    -.114    9.630E-02   -4.245E-03                             -6.202E-04
    5.0     .039     .686    -.0719    .687    -.021    -.105    9.730E-02   -4.508E-03                             -6.572E-04
    8.0     .061     .982    -.0866    .981    -.076    -.088    9.847E-02   -5.222E-03                             -7.701E-04
   10.0     .080    1.179    -.0975   1.175    -.126    -.083    8.685E-02   -4.880E-03                             -8.453E-04
   12.0     .097    1.329    -.1061   1.320    -.181    -.080    6.782E-02   -4.003E-03                             -9.028E-04
   14.0     .112    1.450    -.1135   1.434    -.242    -.079    5.137E-02   -3.211E-03                             -9.490E-04
   16.0     .123    1.535    -.1189   1.509    -.305    -.079    2.597E-02   -2.263E-03                             -9.813E-04
   18.0     .126    1.554     NA      1.517    -.360    NA      -6.757E-03      NA                                  -9.887E-04
0*** NA PRINTED WHEN METHOD NOT APPLICABLE
1                               AUTOMATED STABILITY AND CONTROL METHODS PER APRIL 1976 VERSION OF DATCOM
                                                         DYNAMIC DERIVATIVES
                                                       WING-BODY CONFIGURATION
                                                           AILERONS: UAV
 
 -----------------------  FLIGHT CONDITIONS  ------------------------           --------------  REFERENCE DIMENSIONS  ------------
  MACH    ALTITUDE   VELOCITY    PRESSURE    TEMPERATURE     REYNOLDS             REF.      REFERENCE LENGTH   MOMENT REF. CENTER
 NUMBER                                                       NUMBER              AREA       LONG.     LAT.     HORIZ      VERT
             FT       FT/SEC     LB/FT**2       DEG R         1/FT               FT**2        FT        FT        FT        FT
0  .050     100.00      55.80   2.1086E+03     518.313     3.5244E+05             3.561       .613     5.910     1.260      .127
                                                    DYNAMIC DERIVATIVES (PER DEGREE)
0           -------PITCHING-------    -----ACCELERATION------    --------------ROLLING--------------    --------YAWING--------
0   ALPHA       CLQ          CMQ           CLAD         CMAD         CLP          CYP          CNP          CNR          CLR
0
   -14.00    5.362E-02   -6.608E-03       NDM          NDM       -9.557E-03    1.031E-03    1.196E-03   -2.947E-04   -4.201E-03
   -12.00                                                        -9.504E-03    8.452E-04    9.816E-04   -2.207E-04   -3.446E-03
   -10.00                                                        -9.411E-03    6.610E-04    7.686E-04   -1.615E-04   -2.694E-03
    -8.00                                                        -9.236E-03    4.798E-04    5.609E-04   -1.173E-04   -1.951E-03
    -6.00                                                        -8.988E-03    3.024E-04    3.568E-04   -8.769E-05   -1.225E-03
    -5.00                                                        -8.834E-03    2.154E-04    2.557E-04   -7.816E-05   -8.698E-04
    -4.00                                                        -8.663E-03    1.294E-04    1.544E-04   -7.195E-05   -5.215E-04
    -2.00                                                        -8.546E-03   -3.834E-05   -4.598E-05   -6.877E-05    1.543E-04
    -1.00                                                        -8.682E-03   -1.229E-04   -1.468E-04   -7.162E-05    4.957E-04
      .00                                                        -8.886E-03   -2.090E-04   -2.476E-04   -7.763E-05    8.455E-04
     1.00                                                        -9.072E-03   -2.965E-04   -3.488E-04   -8.702E-05    1.203E-03
     2.00                                                        -9.236E-03   -3.853E-04   -4.501E-04   -9.996E-05    1.567E-03
     4.00                                                        -9.514E-03   -5.664E-04   -6.548E-04   -1.371E-04    2.314E-03
     5.00                                                        -9.619E-03   -6.585E-04   -7.587E-04   -1.616E-04    2.695E-03
     8.00                                                        -9.761E-03   -9.413E-04   -1.083E-03   -2.590E-04    3.855E-03
    10.00                                                        -8.641E-03   -1.150E-03   -1.401E-03   -3.431E-04    4.628E-03
    12.00                                                        -6.790E-03   -1.336E-03   -1.745E-03   -4.177E-04    5.219E-03
    14.00                                                        -5.190E-03   -1.501E-03   -2.056E-03   -4.840E-04    5.693E-03
    16.00                                                        -2.708E-03   -1.668E-03   -2.407E-03   -5.340E-04    6.026E-03
    18.00                                                         5.064E-04   -1.751E-03   -2.587E-03   -5.457E-04    6.101E-03
0*** NDM PRINTED WHEN NO DATCOM METHODS EXIST
0*** VEHICLE WEIGHT =      2.87 LB.
0*** LEVEL FLIGHT LIFT COEFFICIENT =  .21811
1                            AUTOMATED STABILITY AND CONTROL METHODS PER APRIL 1976 VERSION OF DATCOM
                                         CHARACTERISTICS OF HIGH LIFT AND CONTROL DEVICES
                                            WING PLAIN TRAILING-EDGE FLAP CONFIGURATION
                                                           AILERONS: UAV
 -----------------------  FLIGHT CONDITIONS  ------------------------           --------------  REFERENCE DIMENSIONS  ------------
  MACH    ALTITUDE   VELOCITY    PRESSURE    TEMPERATURE     REYNOLDS             REF.      REFERENCE LENGTH   MOMENT REF. CENTER
 NUMBER                                                       NUMBER              AREA       LONG.     LAT.     HORIZ      VERT
             FT       FT/SEC     LB/FT**2       DEG R         1/FT               FT**2        FT        FT        FT        FT
0  .050     100.00      55.80   2.1086E+03     518.313     3.5244E+05             3.561       .613     5.910     1.260      .127
0                           ----------YAWING MOMENT COEFFICIENT,CN,DUE TO CONTROL DEFLECTION----------
0(DELTAL-DELTAR)=-64.0       -40.0       -20.0       -10.0          .0        10.0        20.0        40.0        64.0
0ALPHA
0
 -14.0        -1.206E-02  -1.017E-02  -5.952E-03  -2.976E-03   0.000E+00   2.976E-03   5.952E-03   1.017E-02   1.206E-02
 -12.0        -9.895E-03  -8.346E-03  -4.883E-03  -2.441E-03   0.000E+00   2.441E-03   4.883E-03   8.346E-03   9.895E-03
 -10.0        -7.735E-03  -6.524E-03  -3.817E-03  -1.908E-03   0.000E+00   1.908E-03   3.817E-03   6.524E-03   7.735E-03
  -8.0        -5.602E-03  -4.725E-03  -2.764E-03  -1.382E-03   0.000E+00   1.382E-03   2.764E-03   4.725E-03   5.602E-03
  -6.0        -3.517E-03  -2.966E-03  -1.735E-03  -8.676E-04   0.000E+00   8.676E-04   1.735E-03   2.966E-03   3.517E-03
  -5.0        -2.498E-03  -2.107E-03  -1.232E-03  -6.162E-04   0.000E+00   6.162E-04   1.232E-03   2.107E-03   2.498E-03
  -4.0        -1.497E-03  -1.263E-03  -7.389E-04  -3.694E-04   0.000E+00   3.694E-04   7.389E-04   1.263E-03   1.497E-03
  -2.0         4.431E-04   3.738E-04   2.186E-04   1.093E-04   0.000E+00  -1.093E-04  -2.186E-04  -3.738E-04  -4.431E-04
  -1.0         1.423E-03   1.201E-03   7.023E-04   3.512E-04   0.000E+00  -3.512E-04  -7.023E-04  -1.201E-03  -1.423E-03
    .0         2.428E-03   2.048E-03   1.198E-03   5.990E-04   0.000E+00  -5.990E-04  -1.198E-03  -2.048E-03  -2.428E-03
   1.0         3.454E-03   2.914E-03   1.705E-03   8.523E-04   0.000E+00  -8.523E-04  -1.705E-03  -2.914E-03  -3.454E-03
   2.0         4.501E-03   3.796E-03   2.221E-03   1.110E-03   0.000E+00  -1.110E-03  -2.221E-03  -3.796E-03  -4.501E-03
   4.0         6.645E-03   5.605E-03   3.279E-03   1.639E-03   0.000E+00  -1.639E-03  -3.279E-03  -5.605E-03  -6.645E-03
   5.0         7.737E-03   6.526E-03   3.818E-03   1.909E-03   0.000E+00  -1.909E-03  -3.818E-03  -6.526E-03  -7.737E-03
   8.0         1.107E-02   9.337E-03   5.462E-03   2.731E-03   0.000E+00  -2.731E-03  -5.462E-03  -9.337E-03  -1.107E-02
  10.0         1.329E-02   1.121E-02   6.558E-03   3.279E-03   0.000E+00  -3.279E-03  -6.558E-03  -1.121E-02  -1.329E-02
  12.0         1.499E-02   1.264E-02   7.395E-03   3.697E-03   0.000E+00  -3.697E-03  -7.395E-03  -1.264E-02  -1.499E-02
  14.0         1.635E-02   1.379E-02   8.067E-03   4.033E-03   0.000E+00  -4.033E-03  -8.067E-03  -1.379E-02  -1.635E-02
  16.0         1.730E-02   1.459E-02   8.538E-03   4.269E-03   0.000E+00  -4.269E-03  -8.538E-03  -1.459E-02  -1.730E-02
  18.0         1.752E-02   1.478E-02   8.645E-03   4.322E-03   0.000E+00  -4.322E-03  -8.645E-03  -1.478E-02  -1.752E-02
0
0                                            DELTAL          DELTAR          (CL)ROLL
0
                                             -32.0            32.0           -9.4298E-02
                                             -20.0            20.0           -7.9540E-02
                                             -10.0            10.0           -4.6531E-02
                                              -5.0             5.0           -2.3266E-02
                                                .0              .0            0.0000E+00
                                               5.0            -5.0            2.3266E-02
                                              10.0           -10.0            4.6531E-02
                                              20.0           -20.0            7.9540E-02
                                              32.0           -32.0            9.4298E-02
1          THE FOLLOWING IS A LIST OF ALL INPUT CARDS FOR THIS CASE.
0
 DIM FT                                                                          
 DERIV DEG                                                                       
 DAMP                                                                            
  $FLTCON WT=2.866, LOOP=1.0,                                                    
  NMACH=1.0, MACH(1)=0.05,                                                       
  NALT=1.0, ALT(1)= 100.0,                                                       
  NALPHA=20.0,                                                                   
  ALSCHD(1)= -14.0, -12.0, -10.0, -8.0, -6.0, -5.0, -4.0, -2.0,                  
  -1.0, 0.0, 1.0, 2.0, 4.0, 5.0, 8.0, 10.0, 12.0, 14.0, 16.0, 18.0,              
  TR=1.0$                                                                        
  $OPTINS SREF=3.561, CBARR=0.613, BLREF=5.91, ROUGFC=0.50E-3$                   
  $SYNTHS XCG=1.2602, ZCG=0.127,                                                 
  XW=1.0564,  ZW=0.18,  ALIW=0.0,                                                
  XH=3.61,  ZH=0.16,   ALIH=0.0,                                                 
  XV=3.233,  ZV=0.155,                                                           
  SCALE=1.0, VERTUP=.TRUE.$                                                      
  $BODY NX=6.0,                                                                  
  X(1)=0.0,0.46,1.34,1.84,2.3,3.67,                                              
  R(1)=0.0,0.156,0.156,0.156,0.0,0.0,                                            
  S(1)=0.0,0.11,0.11,0.05,0.0,0.0,                                               
  P(1)=0.0,1.36,1.36,0.16,0.0,0.0,                                               
  ITYPE=1.0, METHOD=1.0$                                                         
  $WGPLNF CHRDR=0.6883, CHRDTP=0.4258,                                           
  SSPN=2.95,  SSPNE=2.6575,                                                      
  CHRDBP=0.6883, SSPNOP=1.9357,                                                  
  SAVSI=0.0, SAVSO=7.67,                                                         
  CHSTAT=0.01, TWISTA=0.0,                                                       
  DHDADI=0.0,                                                                    
  TYPE=1.0$                                                                      
  $WGSCHR TYPEIN=1.0, NPTS=50.0,                                                 
  XCORD=0.0,0.0204,0.0408,0.0612,0.0816,0.1020,0.1224,0.1429,0.1633,             
  0.1837,0.2041,0.2245,0.2449,0.2653,0.2857,0.3061,0.3265,0.3469,                
  0.3673,0.3878,0.4082,0.4286,0.4490,0.4694,0.4898,0.5102,0.5306,                
  0.5510,0.5714,0.5918,0.6122,0.6327,0.6531,0.6735,0.6939,0.7143,                
  0.7347,0.7551,0.7755,0.7959,0.8163,0.8367,0.8571,0.8776,0.8980,                
  0.9184,0.9388,0.9592,0.9796,1.0000,                                            
  YUPPER=0.0002,0.0242,0.0365,0.0458,0.0535,0.0600,0.0657,0.0707,                
  0.0751,0.0789,0.0823,0.0852,0.0877,0.0898,0.0915,0.0928,0.0937,                
  0.0942,0.0943,0.0940,0.0934,0.0924,0.0911,0.0895,0.0876,0.0853,                
  0.0828,0.0800,0.0770,0.0738,0.0705,0.0671,0.0637,0.0601,0.0565,                
  0.0529,0.0492,0.0455,0.0417,0.0380,0.0342,0.0304,0.0267,0.0229,                
  0.0191,0.0153,0.0114,0.0074,0.0034,0.0000,                                     
  YLOWER=-0.0002,-0.0165,-0.0237,-0.0282,-0.0317,-0.0344,-0.0365,                
  -0.0382,-0.0394,-0.0404,-0.0412,-0.0416,-0.0419,-0.0420,-0.0419,               
  -0.0417,-0.0412,-0.0406,-0.0398,-0.0388,-0.0377,-0.0364,-0.0350,               
  -0.0336,-0.0322,-0.0307,-0.0291,-0.0276,-0.0261,-0.0245,-0.0230,               
  -0.0215,-0.0200,-0.0185,-0.0170,-0.0156,-0.0141,-0.0128,-0.0114,               
  -0.0101,-0.0088,-0.0076,-0.0065,-0.0053,-0.0043,-0.0032,-0.0022,               
  -0.0011,-0.0003,0.0000$                                                        
 NACA H 4 0006                                                                   
  $HTPLNF CHRDR=0.51, CHRDTP=0.31,                                               
  SSPN=0.656, SSPNE=0.656,                                                       
  SAVSI=16.2,                                                                    
  CHSTAT=0.01, TWISTA=0.0,                                                       
  DHDADI=0.0,                                                                    
  TYPE=1.0$                                                                      
  $VTPLNF CHRDTP=0.328, SSPNE=0.689,  SSPN=0.689, CHRDR=0.781,                   
  SAVSI=30.0,  TWISTA=0.0, CHSTAT=0.01, TYPE=1.0$                                
  $SYMFLP FTYPE=1.0,                                                             
  NDELTA=8.0, DELTA(1)=-15.0,-10.0,-5.0,0.0,5.0,10.0,13.0,16.0,                  
  PHETE=0.0, PHETEP=0.0,                                                         
  CHRDFI=0.1096, CHRDFO=0.0817,                                                  
  SPANFI=0.0, SPANFO=0.66,                                                       
  CB=0.0, TC=0.0197, NTYPE=1.0$                                                  
 NACA V 4 0006                                                                   
 CASEID TOTAL: TOTAL: UAV                                                        
0 INPUT DIMENSIONS ARE IN FT, SCALE FACTOR IS 1.0000

1                             AUTOMATED STABILITY AND CONTROL METHODS PER APRIL 1976 VERSION OF DATCOM   
                                                        USER DEFINED WING SECTION
     UPPER ABSCISSA     UPPER ORDINATE     LOWER ABSCISSA     LOWER ORDINATE      X-FRACTION CHORD    MEAN LINE    THICKNESS
          .00000             .00000            .00000            .00000               .00000            .00000        .00000
          .01725             .02395            .02355           -.01625               .02040            .00385        .04070
          .03717             .03628            .04443           -.02348               .04080            .00640        .06020
          .05714             .04558            .06526           -.02798               .06120            .00880        .07400
          .07744             .05330            .08576           -.03150               .08160            .01090        .08520
          .09774             .05981            .10626           -.03421               .10200            .01280        .09440
          .11810             .06552            .12670           -.03632               .12240            .01460        .10220
          .13859             .07053            .14721           -.03803               .14290            .01625        .10890
          .15910             .07495            .16750           -.03925               .16330            .01785        .11450
          .17976             .07877            .18764           -.04027               .18370            .01925        .11930
          .20025             .08218            .20795           -.04108               .20410            .02055        .12350
          .22085             .08510            .22815           -.04150               .22450            .02180        .12680
          .24157             .08761            .24823           -.04181               .24490            .02290        .12960
          .26223             .08973            .26837           -.04193               .26530            .02390        .13180
          .28300             .09145            .28840           -.04185               .28570            .02480        .13340
          .30371             .09276            .30849           -.04166               .30610            .02555        .13450
          .32443             .09367            .32857           -.04117               .32650            .02625        .13490
          .34525             .09418            .34855           -.04058               .34690            .02680        .13480
          .36599             .09429            .36861           -.03979               .36730            .02725        .13410
          .38683             .09399            .38877           -.03879               .38780            .02760        .13280
          .40756             .09340            .40884           -.03770               .40820            .02785        .13110
          .42828             .09240            .42892           -.03640               .42860            .02800        .12880
          .44908             .09110            .44892           -.03500               .44900            .02805        .12610
          .46993             .08950            .46887           -.03360               .46940            .02795        .12310
          .49075             .08759            .48885           -.03219               .48980            .02770        .11980
          .51141             .08529            .50899           -.03069               .51020            .02730        .11600
          .53211             .08278            .52909           -.02908               .53060            .02685        .11190
          .55285             .07997            .54915           -.02757               .55100            .02620        .10760
          .57336             .07696            .56944           -.02606               .57140            .02545        .10310
          .59385             .07376            .58975           -.02446               .59180            .02465        .09830
          .61431             .07045            .61009           -.02295               .61220            .02375        .09350
          .63476             .06705            .63064           -.02145               .63270            .02280        .08860
          .65515             .06365            .65105           -.01995               .65310            .02185        .08370
          .67552             .06005            .67148           -.01845               .67350            .02080        .07860
          .69583             .05645            .69197           -.01695               .69390            .01975        .07350
          .71614             .05285            .71246           -.01555               .71430            .01865        .06850
          .73648             .04915            .73292           -.01405               .73470            .01755        .06330
          .75681             .04545            .75339           -.01275               .75510            .01635        .05830
          .77706             .04165            .77394           -.01135               .77550            .01515        .05310
          .79734             .03796            .79446           -.01006               .79590            .01395        .04810
          .81764             .03416            .81496           -.00876               .81630            .01270        .04300
          .83791             .03036            .83549           -.00756               .83670            .01140        .03800
          .85815             .02667            .85605           -.00647               .85710            .01010        .03320
          .87853             .02287            .87667           -.00527               .87760            .00880        .02820
          .89879             .01907            .89721           -.00427               .89800            .00740        .02340
          .91903             .01528            .91777           -.00318               .91840            .00605        .01850
          .93928             .01138            .93832           -.00218               .93880            .00460        .01360
          .95952             .00739            .95888           -.00109               .95920            .00315        .00850
          .97974             .00339            .97946           -.00029               .97960            .00155        .00370
         1.00000             .00000           1.00000            .00000              1.00000            .00000        .00000
1                             AUTOMATED STABILITY AND CONTROL METHODS PER APRIL 1976 VERSION OF DATCOM   
                                                        WING SECTION DEFINITION
0                                 IDEAL ANGLE OF ATTACK =    .71567 DEG.

                              ZERO LIFT ANGLE OF ATTACK =  -2.46098 DEG.

                                 IDEAL LIFT COEFFICIENT =    .36677

                  ZERO LIFT PITCHING MOMENT COEFFICIENT =   -.05726

                             MACH ZERO LIFT-CURVE-SLOPE =    .09644 /DEG.

                                    LEADING EDGE RADIUS =    .02035 FRACTION CHORD

                              MAXIMUM AIRFOIL THICKNESS =    .13490 FRACTION CHORD

                                                DELTA-Y =   3.50978 PERCENT CHORD


0                         MACH=  .0500 LIFT-CURVE-SLOPE =    .09653 /DEG.      XAC =    .26958
1                             AUTOMATED STABILITY AND CONTROL METHODS PER APRIL 1976 VERSION OF DATCOM   
                                                   HORIZONTAL TAIL SECTION DEFINITION
0                                 IDEAL ANGLE OF ATTACK =    .00000 DEG.

                              ZERO LIFT ANGLE OF ATTACK =    .00000 DEG.

                                 IDEAL LIFT COEFFICIENT =    .00000

                  ZERO LIFT PITCHING MOMENT COEFFICIENT =    .00000

                             MACH ZERO LIFT-CURVE-SLOPE =    .10030 /DEG.

                                    LEADING EDGE RADIUS =    .00397 FRACTION CHORD

                              MAXIMUM AIRFOIL THICKNESS =    .06000 FRACTION CHORD

                                                DELTA-Y =   1.58449 PERCENT CHORD


0                         MACH=  .0500 LIFT-CURVE-SLOPE =    .10040 /DEG.      XAC =    .25453
1                             AUTOMATED STABILITY AND CONTROL METHODS PER APRIL 1976 VERSION OF DATCOM   
                                                    VERTICAL TAIL SECTION DEFINITION
0                                 IDEAL ANGLE OF ATTACK =    .00000 DEG.

                              ZERO LIFT ANGLE OF ATTACK =    .00000 DEG.

                                 IDEAL LIFT COEFFICIENT =    .00000

                  ZERO LIFT PITCHING MOMENT COEFFICIENT =    .00000

                             MACH ZERO LIFT-CURVE-SLOPE =    .10030 /DEG.

                                    LEADING EDGE RADIUS =    .00397 FRACTION CHORD

                              MAXIMUM AIRFOIL THICKNESS =    .06000 FRACTION CHORD

                                                DELTA-Y =   1.58449 PERCENT CHORD


0                         MACH=  .0500 LIFT-CURVE-SLOPE =    .10040 /DEG.      XAC =    .25453
1                               AUTOMATED STABILITY AND CONTROL METHODS PER APRIL 1976 VERSION OF DATCOM
                                         CHARACTERISTICS AT ANGLE OF ATTACK AND IN SIDESLIP
                                        WING-BODY-VERTICAL TAIL-HORIZONTAL TAIL CONFIGURATION
                                                         TOTAL: TOTAL: UAV
 
 -----------------------  FLIGHT CONDITIONS  ------------------------           --------------  REFERENCE DIMENSIONS  ------------
  MACH    ALTITUDE   VELOCITY    PRESSURE    TEMPERATURE     REYNOLDS             REF.      REFERENCE LENGTH   MOMENT REF. CENTER
 NUMBER                                                       NUMBER              AREA       LONG.     LAT.     HORIZ      VERT
             FT       FT/SEC     LB/FT**2       DEG R         1/FT               FT**2        FT        FT        FT        FT
0  .050     100.00      55.80   2.1086E+03     518.313     3.5244E+05             3.561       .613     5.910     1.260      .127
0                                                               -------------------DERIVATIVE (PER DEGREE)-------------------
0 ALPHA     CD       CL       CM       CN       CA       XCP        CLA          CMA          CYB          CNB          CLB
0
  -14.0     .094   -1.160     .3663  -1.149    -.190    -.319    1.001E-01   -1.559E-02   -2.563E-03         -INF   -2.783E-04
  -12.0     .071    -.956     .3094   -.950    -.129    -.326    1.018E-01   -2.782E-02                             -3.283E-04
  -10.0     .053    -.753     .2550   -.751    -.078    -.340    1.010E-01   -2.723E-02                             -3.806E-04
   -8.0     .040    -.552     .2005   -.553    -.038    -.363    9.941E-02   -2.743E-02                             -4.328E-04
   -6.0     .030    -.355     .1453   -.357    -.007    -.407    9.713E-02   -2.791E-02                             -4.829E-04
   -5.0     .027    -.259     .1172   -.260     .004    -.450    9.558E-02   -2.779E-02                             -5.069E-04
   -4.0     .025    -.164     .0897   -.166     .013    -.541    9.391E-02   -2.793E-02                             -5.301E-04
   -2.0     .022     .020     .0321    .020     .023    1.644    9.279E-02   -2.835E-02                             -5.740E-04
   -1.0     .023     .113     .0040    .113     .025     .035    9.377E-02   -2.694E-02                             -5.960E-04
     .0     .024     .208    -.0217    .208     .024    -.105    9.533E-02   -2.510E-02                             -6.186E-04
    1.0     .026     .304    -.0462    .304     .021    -.152    9.707E-02   -2.490E-02                             -6.419E-04
    2.0     .029     .402    -.0715    .403     .015    -.178    9.891E-02   -2.606E-02                             -6.660E-04
    4.0     .038     .603    -.1266    .605    -.004    -.209    1.020E-01   -2.801E-02                             -7.162E-04
    5.0     .044     .706    -.1548    .707    -.017    -.219    1.030E-01   -2.851E-02                             -7.422E-04
    8.0     .070    1.019    -.2426   1.018    -.073    -.238    1.043E-01   -3.003E-02                             -8.223E-04
   10.0     .092    1.227    -.3037   1.225    -.123    -.248    9.293E-02   -3.122E-02                             -8.760E-04
   12.0     .113    1.390    -.3675   1.384    -.179    -.266    7.460E-02   -3.368E-02                             -9.107E-04
   14.0     .133    1.526    -.4384   1.513    -.240    -.290    5.891E-02   -3.663E-02                             -9.311E-04
   16.0     .151    1.626    -.5140   1.605    -.303    -.320    3.370E-02   -3.895E-02                             -9.354E-04
   18.0     .161    1.661     NA      1.629    -.360    NA       7.387E-04      NA                                  -9.119E-04
0                                    ALPHA     Q/QINF    EPSLON  D(EPSLON)/D(ALPHA)
0
                                    -14.0      1.000     -4.201         .350
                                    -12.0      1.000     -3.502         .358
                                    -10.0      1.000     -2.769         .368
                                     -8.0      1.000     -2.030         .369
                                     -6.0      1.000     -1.291         .368
                                     -5.0      1.000      -.923         .367
                                     -4.0      1.000      -.558         .365
                                     -2.0       .971       .166         .367
                                     -1.0       .937       .535         .373
                                       .0       .920       .912         .376
                                      1.0       .929      1.287         .378
                                      2.0       .959      1.667         .380
                                      4.0      1.000      2.429         .382
                                      5.0      1.000      2.811         .381
                                      8.0      1.000      3.946         .369
                                     10.0      1.000      4.671         .337
                                     12.0      1.000      5.293         .262
                                     14.0      1.000      5.719         .183
                                     16.0      1.000      6.027         .114
                                     18.0      1.000      6.175         .074
0*** NA PRINTED WHEN METHOD NOT APPLICABLE
1                               AUTOMATED STABILITY AND CONTROL METHODS PER APRIL 1976 VERSION OF DATCOM
                                                         DYNAMIC DERIVATIVES
                                        WING-BODY-VERTICAL TAIL-HORIZONTAL TAIL CONFIGURATION
                                                         TOTAL: TOTAL: UAV
 
 -----------------------  FLIGHT CONDITIONS  ------------------------           --------------  REFERENCE DIMENSIONS  ------------
  MACH    ALTITUDE   VELOCITY    PRESSURE    TEMPERATURE     REYNOLDS             REF.      REFERENCE LENGTH   MOMENT REF. CENTER
 NUMBER                                                       NUMBER              AREA       LONG.     LAT.     HORIZ      VERT
             FT       FT/SEC     LB/FT**2       DEG R         1/FT               FT**2        FT        FT        FT        FT
0  .050     100.00      55.80   2.1086E+03     518.313     3.5244E+05             3.561       .613     5.910     1.260      .127
                                                    DYNAMIC DERIVATIVES (PER DEGREE)
0           -------PITCHING-------    -----ACCELERATION------    --------------ROLLING--------------    --------YAWING--------
0   ALPHA       CLQ          CMQ           CLAD         CMAD         CLP          CYP          CNP          CNR          CLR
0
   -14.00    1.020E-01   -2.076E-01     1.693E-02   -7.026E-02   -9.639E-03    5.575E-04    1.368E-03   -9.710E-04   -3.927E-03
   -12.00                               1.733E-02   -7.195E-02   -9.575E-03    4.377E-04    1.132E-03   -9.154E-04   -3.192E-03
   -10.00                               1.782E-02   -7.396E-02   -9.472E-03    3.197E-04    8.958E-04   -8.732E-04   -2.461E-03
    -8.00                               1.789E-02   -7.427E-02   -9.286E-03    2.056E-04    6.641E-04   -8.444E-04   -1.741E-03
    -6.00                               1.784E-02   -7.406E-02   -9.027E-03    9.595E-05    4.353E-04   -8.286E-04   -1.039E-03
    -5.00                               1.776E-02   -7.374E-02   -8.869E-03    4.301E-05    3.215E-04   -8.254E-04   -6.962E-04
    -4.00                               1.765E-02   -7.327E-02   -8.694E-03   -8.712E-06    2.074E-04   -8.250E-04   -3.603E-04
    -2.00                               1.723E-02   -7.154E-02   -8.569E-03   -1.076E-04   -1.925E-05   -8.322E-04    2.901E-04
    -1.00                               1.691E-02   -7.019E-02   -8.701E-03   -1.576E-04   -1.333E-04   -8.395E-04    6.184E-04
      .00                               1.674E-02   -6.951E-02   -8.903E-03   -2.090E-04   -2.476E-04   -8.496E-04    9.551E-04
     1.00                               1.700E-02   -7.055E-02   -9.088E-03   -2.618E-04   -3.623E-04   -8.626E-04    1.299E-03
     2.00                               1.765E-02   -7.328E-02   -9.251E-03   -3.157E-04   -4.772E-04   -8.787E-04    1.650E-03
     4.00                               1.849E-02   -7.675E-02   -9.529E-03   -4.269E-04   -7.093E-04   -9.207E-04    2.370E-03
     5.00                               1.846E-02   -7.663E-02   -9.635E-03   -4.840E-04   -8.270E-04   -9.468E-04    2.737E-03
     8.00                               1.785E-02   -7.412E-02   -9.780E-03   -6.616E-04   -1.192E-03   -1.047E-03    3.856E-03
    10.00                               1.631E-02   -6.769E-02   -8.665E-03   -8.005E-04   -1.538E-03   -1.130E-03    4.602E-03
    12.00                               1.269E-02   -5.266E-02   -6.817E-03   -9.164E-04   -1.909E-03   -1.202E-03    5.165E-03
    14.00                               8.880E-03   -3.686E-02   -5.223E-03   -1.012E-03   -2.247E-03   -1.263E-03    5.613E-03
    16.00                               5.519E-03   -2.291E-02   -2.747E-03   -1.108E-03   -2.624E-03   -1.307E-03    5.918E-03
    18.00                               3.578E-03   -1.485E-02    4.595E-04   -1.122E-03   -2.829E-03   -1.310E-03    5.968E-03
0*** VEHICLE WEIGHT =      2.87 LB.
0*** LEVEL FLIGHT LIFT COEFFICIENT =  .21811
1                            AUTOMATED STABILITY AND CONTROL METHODS PER APRIL 1976 VERSION OF DATCOM
                                         CHARACTERISTICS OF HIGH LIFT AND CONTROL DEVICES
                                            TAIL PLAIN TRAILING-EDGE FLAP CONFIGURATION
                                                         TOTAL: TOTAL: UAV
 -----------------------  FLIGHT CONDITIONS  ------------------------           --------------  REFERENCE DIMENSIONS  ------------
  MACH    ALTITUDE   VELOCITY    PRESSURE    TEMPERATURE     REYNOLDS             REF.      REFERENCE LENGTH   MOMENT REF. CENTER
 NUMBER                                                       NUMBER              AREA       LONG.     LAT.     HORIZ      VERT
             FT       FT/SEC     LB/FT**2       DEG R         1/FT               FT**2        FT        FT        FT        FT
0  .050     100.00      55.80   2.1086E+03     518.313     3.5244E+05             3.561       .613     5.910     1.260      .127
0            ---------INCREMENTS DUE TO DEFLECTION---------              ---DERIVATIVES (PER DEGREE)---
0     DELTA     D(CL)     D(CM)    D(CL MAX)    D(CD MIN)                (CLA)D     (CH)A       (CH)D


      -15.0     -.048      .2752      .057       .00220                  NDM      -3.166E-03  -1.248E-02
      -10.0     -.033      .1880      .041       .00090                  NDM                  -1.242E-02
       -5.0     -.016      .0940      .021       .00045                  NDM                  -1.242E-02
         .0      .000     -.0002      .000       .00000                  NDM                  -1.242E-02
        5.0      .016     -.0940      .021       .00045                  NDM                  -1.242E-02
       10.0      .033     -.1880      .041       .00090                  NDM                  -1.242E-02
       13.0      .042     -.2420      .050       .00168                  NDM                  -1.244E-02
       16.0      .051     -.2901      .060       .00250                  NDM                  -1.251E-02
0  *** NOTE * HINGE MOMENT DERIVATIVES ARE BASED ON TWICE THE AREA-MOMENT OF THE CONTROL ABOUT ITS HINGE LINE

0            --------- INDUCED DRAG COEFFICIENT INCREMENT , D(CDI) , DUE TO DEFLECTION ---------
0       DELTA = -15.0     -10.0      -5.0        .0       5.0      10.0      13.0      16.0
   ALPHA
0
   -14.0        8.11E-03  4.93E-03  2.14E-03 -3.64E-06 -1.50E-03 -2.36E-03 -2.56E-03 -2.56E-03
   -12.0        7.17E-03  4.29E-03  1.82E-03 -3.00E-06 -1.18E-03 -1.71E-03 -1.73E-03 -1.56E-03
   -10.0        6.24E-03  3.66E-03  1.51E-03 -2.37E-06 -8.63E-04 -1.08E-03 -9.14E-04 -5.86E-04
    -8.0        5.32E-03  3.03E-03  1.19E-03 -1.74E-06 -5.50E-04 -4.55E-04 -1.07E-04  3.82E-04
    -6.0        4.41E-03  2.40E-03  8.80E-04 -1.12E-06 -2.36E-04  1.71E-04  7.01E-04  1.35E-03
    -5.0        3.95E-03  2.09E-03  7.23E-04 -8.01E-07 -7.93E-05  4.85E-04  1.11E-03  1.84E-03
    -4.0        3.48E-03  1.78E-03  5.66E-04 -4.86E-07  7.82E-05  8.01E-04  1.51E-03  2.32E-03
    -2.0        2.55E-03  1.14E-03  2.49E-04  1.48E-07  3.95E-04  1.43E-03  2.33E-03  3.30E-03
    -1.0        2.09E-03  8.28E-04  9.21E-05  4.61E-07  5.52E-04  1.75E-03  2.73E-03  3.79E-03
      .0        1.64E-03  5.18E-04 -6.28E-05  7.71E-07  7.07E-04  2.06E-03  3.13E-03  4.27E-03
     1.0        1.19E-03  2.08E-04 -2.18E-04  1.08E-06  8.62E-04  2.37E-03  3.53E-03  4.75E-03
     2.0        7.34E-04 -1.00E-04 -3.72E-04  1.39E-06  1.02E-03  2.68E-03  3.93E-03  5.22E-03
     4.0       -1.68E-04 -7.15E-04 -6.80E-04  2.00E-06  1.32E-03  3.29E-03  4.72E-03  6.17E-03
     5.0       -6.18E-04 -1.02E-03 -8.33E-04  2.31E-06  1.48E-03  3.60E-03  5.12E-03  6.65E-03
     8.0       -1.98E-03 -1.95E-03 -1.30E-03  3.24E-06  1.94E-03  4.52E-03  6.31E-03  8.08E-03
    10.0       -2.91E-03 -2.58E-03 -1.61E-03  3.87E-06  2.26E-03  5.16E-03  7.13E-03  9.06E-03
    12.0       -3.91E-03 -3.27E-03 -1.96E-03  4.56E-06  2.60E-03  5.84E-03  8.01E-03  1.01E-02
    14.0       -5.06E-03 -4.05E-03 -2.35E-03  5.34E-06  2.99E-03  6.63E-03  9.02E-03  1.13E-02
    16.0       -6.29E-03 -4.89E-03 -2.77E-03  6.18E-06  3.41E-03  7.47E-03  1.01E-02  1.26E-02
    18.0       -7.64E-03 -5.81E-03 -3.23E-03  7.10E-06  3.87E-03  8.39E-03  1.13E-02  1.40E-02
0***NDM PRINTED WHEN NO DATCOM METHODS EXIST
1 END OF JOB.
